<?xml version="1.0" encoding="UTF-8"?>
<testng-results skipped="0" failed="4" ignored="0" total="6" passed="2">
  <reporter-output>
  </reporter-output>
  <suite name="Command line suite" duration-ms="4962" started-at="2020-04-15T05:09:52Z" finished-at="2020-04-15T05:09:57Z">
    <groups>
      <group name="a">
        <method signature="TestSuite.tc02(java.util.Map)[pri:0, instance:com.ai.api.testsuite.TestSuite@4530e8e1]" name="tc02" class="com.ai.api.testsuite.TestSuite"/>
      </group> <!-- a -->
      <group name="b">
        <method signature="TestSuite.tc02(java.util.Map)[pri:0, instance:com.ai.api.testsuite.TestSuite@4530e8e1]" name="tc02" class="com.ai.api.testsuite.TestSuite"/>
      </group> <!-- b -->
      <group name="tc$">
        <method signature="TestSuite.tc01(java.util.Map)[pri:0, instance:com.ai.api.testsuite.TestSuite@4530e8e1]" name="tc01" class="com.ai.api.testsuite.TestSuite"/>
      </group> <!-- tc$ -->
      <group name="tc01">
        <method signature="TestSuite.tc01(java.util.Map)[pri:0, instance:com.ai.api.testsuite.TestSuite@4530e8e1]" name="tc01" class="com.ai.api.testsuite.TestSuite"/>
      </group> <!-- tc01 -->
      <group name="tc02">
        <method signature="TestSuite.tc02(java.util.Map)[pri:0, instance:com.ai.api.testsuite.TestSuite@4530e8e1]" name="tc02" class="com.ai.api.testsuite.TestSuite"/>
      </group> <!-- tc02 -->
    </groups>
    <test name="Command line test" duration-ms="4962" started-at="2020-04-15T05:09:52Z" finished-at="2020-04-15T05:09:57Z">
      <class name="com.ai.api.testsuite.TestSuite">
        <test-method status="PASS" signature="springTestContextBeforeTestClass()[pri:0, instance:com.ai.api.testsuite.TestSuite@4530e8e1]" name="springTestContextBeforeTestClass" is-config="true" duration-ms="18" started-at="2020-04-15T13:09:52Z" finished-at="2020-04-15T13:09:52Z">
          <reporter-output>
          </reporter-output>
        </test-method> <!-- springTestContextBeforeTestClass -->
        <test-method status="PASS" signature="springTestContextPrepareTestInstance()[pri:0, instance:com.ai.api.testsuite.TestSuite@4530e8e1]" name="springTestContextPrepareTestInstance" is-config="true" duration-ms="4708" started-at="2020-04-15T13:09:52Z" depends-on-methods="org.springframework.test.context.testng.AbstractTestNGSpringContextTests.springTestContextBeforeTestClass" finished-at="2020-04-15T13:09:57Z">
          <reporter-output>
          </reporter-output>
        </test-method> <!-- springTestContextPrepareTestInstance -->
        <test-method status="PASS" signature="springTestContextBeforeTestMethod(java.lang.reflect.Method)[pri:0, instance:com.ai.api.testsuite.TestSuite@4530e8e1]" name="springTestContextBeforeTestMethod" is-config="true" duration-ms="2" started-at="2020-04-15T13:09:57Z" finished-at="2020-04-15T13:09:57Z">
          <params>
            <param index="0">
              <value>
                <![CDATA[public void com.ai.api.testsuite.TestSuite.tc02(java.util.Map)]]>
              </value>
            </param>
          </params>
          <reporter-output>
          </reporter-output>
        </test-method> <!-- springTestContextBeforeTestMethod -->
        <test-method status="PASS" signature="springTestContextBeforeTestMethod(java.lang.reflect.Method)[pri:0, instance:com.ai.api.testsuite.TestSuite@4530e8e1]" name="springTestContextBeforeTestMethod" is-config="true" duration-ms="1" started-at="2020-04-15T13:09:57Z" finished-at="2020-04-15T13:09:57Z">
          <params>
            <param index="0">
              <value>
                <![CDATA[public void com.ai.api.testsuite.TestSuite.tc01(java.util.Map)]]>
              </value>
            </param>
          </params>
          <reporter-output>
          </reporter-output>
        </test-method> <!-- springTestContextBeforeTestMethod -->
        <test-method status="PASS" signature="tc01(java.util.Map)[pri:0, instance:com.ai.api.testsuite.TestSuite@4530e8e1]" name="tc01" duration-ms="112" started-at="2020-04-15T13:09:57Z" data-provider="tc01" finished-at="2020-04-15T13:09:57Z">
          <params>
            <param index="0">
              <value>
                <![CDATA[{fromDate=2020-02-02 02:03:03, checkResultCode=000000, sbuID=lixuejun, toDate=2020-02-02 02:03:06, checkResultData=通过, platform=描述}]]>
              </value>
            </param>
          </params>
          <reporter-output>
          </reporter-output>
        </test-method> <!-- tc01 -->
        <test-method status="FAIL" signature="tc02(java.util.Map)[pri:0, instance:com.ai.api.testsuite.TestSuite@4530e8e1]" name="tc02" duration-ms="3" started-at="2020-04-15T13:09:57Z" data-provider="tc02" finished-at="2020-04-15T13:09:57Z">
          <params>
            <param index="0">
              <value>
                <![CDATA[{checkResultCode=000000, index=1, string=null, checkResultData=不正确}]]>
              </value>
            </param>
          </params>
          <exception class="java.lang.NullPointerException">
            <full-stacktrace>
              <![CDATA[java.lang.NullPointerException
	at com.ai.api.testcase.TC02_test.runScript(TC02_test.java:37)
	at com.ai.api.testsuite.TestSuite.tc02(TestSuite.java:31)
	at sun.reflect.NativeMethodAccessorImpl.invoke0(Native Method)
	at sun.reflect.NativeMethodAccessorImpl.invoke(NativeMethodAccessorImpl.java:62)
	at sun.reflect.DelegatingMethodAccessorImpl.invoke(DelegatingMethodAccessorImpl.java:43)
	at java.lang.reflect.Method.invoke(Method.java:498)
	at org.testng.internal.MethodInvocationHelper.invokeMethod(MethodInvocationHelper.java:108)
	at org.testng.internal.MethodInvocationHelper$1.runTestMethod(MethodInvocationHelper.java:209)
	at org.springframework.test.context.testng.AbstractTestNGSpringContextTests.run(AbstractTestNGSpringContextTests.java:180)
	at org.testng.internal.MethodInvocationHelper.invokeHookable(MethodInvocationHelper.java:221)
	at org.testng.internal.Invoker.invokeMethod(Invoker.java:657)
	at org.testng.internal.Invoker.invokeTestMethod(Invoker.java:869)
	at org.testng.internal.Invoker.invokeTestMethods(Invoker.java:1193)
	at org.testng.internal.TestMethodWorker.invokeTestMethods(TestMethodWorker.java:126)
	at org.testng.internal.TestMethodWorker.run(TestMethodWorker.java:109)
	at java.util.concurrent.ThreadPoolExecutor.runWorker(ThreadPoolExecutor.java:1142)
	at java.util.concurrent.ThreadPoolExecutor$Worker.run(ThreadPoolExecutor.java:617)
	at java.lang.Thread.run(Thread.java:745)
]]>
            </full-stacktrace>
          </exception> <!-- java.lang.NullPointerException -->
          <reporter-output>
          </reporter-output>
        </test-method> <!-- tc02 -->
        <test-method status="PASS" signature="springTestContextAfterTestMethod(java.lang.reflect.Method)[pri:0, instance:com.ai.api.testsuite.TestSuite@4530e8e1]" name="springTestContextAfterTestMethod" is-config="true" duration-ms="1" started-at="2020-04-15T13:09:57Z" finished-at="2020-04-15T13:09:57Z">
          <params>
            <param index="0">
              <value>
                <![CDATA[public void com.ai.api.testsuite.TestSuite.tc02(java.util.Map)]]>
              </value>
            </param>
          </params>
          <reporter-output>
          </reporter-output>
        </test-method> <!-- springTestContextAfterTestMethod -->
        <test-method status="PASS" signature="springTestContextBeforeTestMethod(java.lang.reflect.Method)[pri:0, instance:com.ai.api.testsuite.TestSuite@4530e8e1]" name="springTestContextBeforeTestMethod" is-config="true" duration-ms="0" started-at="2020-04-15T13:09:57Z" finished-at="2020-04-15T13:09:57Z">
          <params>
            <param index="0">
              <value>
                <![CDATA[public void com.ai.api.testsuite.TestSuite.tc02(java.util.Map)]]>
              </value>
            </param>
          </params>
          <reporter-output>
          </reporter-output>
        </test-method> <!-- springTestContextBeforeTestMethod -->
        <test-method status="FAIL" signature="tc02(java.util.Map)[pri:0, instance:com.ai.api.testsuite.TestSuite@4530e8e1]" name="tc02" duration-ms="1" started-at="2020-04-15T13:09:57Z" data-provider="tc02" finished-at="2020-04-15T13:09:57Z">
          <params>
            <param index="0">
              <value>
                <![CDATA[{checkResultCode=000000, index=2, string=空格, checkResultData=不正确}]]>
              </value>
            </param>
          </params>
          <exception class="java.lang.NullPointerException">
            <full-stacktrace>
              <![CDATA[java.lang.NullPointerException
	at com.ai.api.testcase.TC02_test.runScript(TC02_test.java:37)
	at com.ai.api.testsuite.TestSuite.tc02(TestSuite.java:31)
	at sun.reflect.NativeMethodAccessorImpl.invoke0(Native Method)
	at sun.reflect.NativeMethodAccessorImpl.invoke(NativeMethodAccessorImpl.java:62)
	at sun.reflect.DelegatingMethodAccessorImpl.invoke(DelegatingMethodAccessorImpl.java:43)
	at java.lang.reflect.Method.invoke(Method.java:498)
	at org.testng.internal.MethodInvocationHelper.invokeMethod(MethodInvocationHelper.java:108)
	at org.testng.internal.MethodInvocationHelper$1.runTestMethod(MethodInvocationHelper.java:209)
	at org.springframework.test.context.testng.AbstractTestNGSpringContextTests.run(AbstractTestNGSpringContextTests.java:180)
	at org.testng.internal.MethodInvocationHelper.invokeHookable(MethodInvocationHelper.java:221)
	at org.testng.internal.Invoker.invokeMethod(Invoker.java:657)
	at org.testng.internal.Invoker.invokeTestMethod(Invoker.java:869)
	at org.testng.internal.Invoker.invokeTestMethods(Invoker.java:1193)
	at org.testng.internal.TestMethodWorker.invokeTestMethods(TestMethodWorker.java:126)
	at org.testng.internal.TestMethodWorker.run(TestMethodWorker.java:109)
	at java.util.concurrent.ThreadPoolExecutor.runWorker(ThreadPoolExecutor.java:1142)
	at java.util.concurrent.ThreadPoolExecutor$Worker.run(ThreadPoolExecutor.java:617)
	at java.lang.Thread.run(Thread.java:745)
]]>
            </full-stacktrace>
          </exception> <!-- java.lang.NullPointerException -->
          <reporter-output>
          </reporter-output>
        </test-method> <!-- tc02 -->
        <test-method status="PASS" signature="springTestContextAfterTestMethod(java.lang.reflect.Method)[pri:0, instance:com.ai.api.testsuite.TestSuite@4530e8e1]" name="springTestContextAfterTestMethod" is-config="true" duration-ms="1" started-at="2020-04-15T13:09:57Z" finished-at="2020-04-15T13:09:57Z">
          <params>
            <param index="0">
              <value>
                <![CDATA[public void com.ai.api.testsuite.TestSuite.tc02(java.util.Map)]]>
              </value>
            </param>
          </params>
          <reporter-output>
          </reporter-output>
        </test-method> <!-- springTestContextAfterTestMethod -->
        <test-method status="PASS" signature="springTestContextBeforeTestMethod(java.lang.reflect.Method)[pri:0, instance:com.ai.api.testsuite.TestSuite@4530e8e1]" name="springTestContextBeforeTestMethod" is-config="true" duration-ms="0" started-at="2020-04-15T13:09:57Z" finished-at="2020-04-15T13:09:57Z">
          <params>
            <param index="0">
              <value>
                <![CDATA[public void com.ai.api.testsuite.TestSuite.tc02(java.util.Map)]]>
              </value>
            </param>
          </params>
          <reporter-output>
          </reporter-output>
        </test-method> <!-- springTestContextBeforeTestMethod -->
        <test-method status="PASS" signature="tc02(java.util.Map)[pri:0, instance:com.ai.api.testsuite.TestSuite@4530e8e1]" name="tc02" duration-ms="106" started-at="2020-04-15T13:09:57Z" data-provider="tc02" finished-at="2020-04-15T13:09:57Z">
          <params>
            <param index="0">
              <value>
                <![CDATA[{checkResultCode=000000, index=3, string=str, checkResultData=通过}]]>
              </value>
            </param>
          </params>
          <reporter-output>
          </reporter-output>
        </test-method> <!-- tc02 -->
        <test-method status="PASS" signature="springTestContextAfterTestMethod(java.lang.reflect.Method)[pri:0, instance:com.ai.api.testsuite.TestSuite@4530e8e1]" name="springTestContextAfterTestMethod" is-config="true" duration-ms="0" started-at="2020-04-15T13:09:57Z" finished-at="2020-04-15T13:09:57Z">
          <params>
            <param index="0">
              <value>
                <![CDATA[public void com.ai.api.testsuite.TestSuite.tc02(java.util.Map)]]>
              </value>
            </param>
          </params>
          <reporter-output>
          </reporter-output>
        </test-method> <!-- springTestContextAfterTestMethod -->
        <test-method status="PASS" signature="springTestContextBeforeTestMethod(java.lang.reflect.Method)[pri:0, instance:com.ai.api.testsuite.TestSuite@4530e8e1]" name="springTestContextBeforeTestMethod" is-config="true" duration-ms="0" started-at="2020-04-15T13:09:57Z" finished-at="2020-04-15T13:09:57Z">
          <params>
            <param index="0">
              <value>
                <![CDATA[public void com.ai.api.testsuite.TestSuite.tc01(java.util.Map)]]>
              </value>
            </param>
          </params>
          <reporter-output>
          </reporter-output>
        </test-method> <!-- springTestContextBeforeTestMethod -->
        <test-method status="FAIL" signature="tc01(java.util.Map)[pri:0, instance:com.ai.api.testsuite.TestSuite@4530e8e1]" name="tc01" duration-ms="4" started-at="2020-04-15T13:09:57Z" data-provider="tc01" finished-at="2020-04-15T13:09:57Z">
          <params>
            <param index="0">
              <value>
                <![CDATA[{fromDate=2020-02-02 02:03:04, checkResultCode=000000, sbuID=lishangqing, toDate=2020-02-02 02:03:07, checkResultData=不通过, platform=用例}]]>
              </value>
            </param>
          </params>
          <exception class="java.lang.AssertionError">
            <message>
              <![CDATA[expected [通过] but found [不通过]]]>
            </message>
            <full-stacktrace>
              <![CDATA[java.lang.AssertionError: expected [通过] but found [不通过]
	at org.testng.Assert.fail(Assert.java:93)
	at org.testng.Assert.failNotEquals(Assert.java:512)
	at org.testng.Assert.assertEqualsImpl(Assert.java:134)
	at org.testng.Assert.assertEquals(Assert.java:115)
	at org.testng.Assert.assertEquals(Assert.java:189)
	at org.testng.Assert.assertEquals(Assert.java:199)
	at com.ai.api.support.dataDriver.Check.verifyResultDataColumnValue(Check.java:21)
	at com.ai.api.testcase.TC01_test.runScript(TC01_test.java:46)
	at com.ai.api.testsuite.TestSuite.tc01(TestSuite.java:26)
	at sun.reflect.NativeMethodAccessorImpl.invoke0(Native Method)
	at sun.reflect.NativeMethodAccessorImpl.invoke(NativeMethodAccessorImpl.java:62)
	at sun.reflect.DelegatingMethodAccessorImpl.invoke(DelegatingMethodAccessorImpl.java:43)
	at java.lang.reflect.Method.invoke(Method.java:498)
	at org.testng.internal.MethodInvocationHelper.invokeMethod(MethodInvocationHelper.java:108)
	at org.testng.internal.MethodInvocationHelper$1.runTestMethod(MethodInvocationHelper.java:209)
	at org.springframework.test.context.testng.AbstractTestNGSpringContextTests.run(AbstractTestNGSpringContextTests.java:180)
	at org.testng.internal.MethodInvocationHelper.invokeHookable(MethodInvocationHelper.java:221)
	at org.testng.internal.Invoker.invokeMethod(Invoker.java:657)
	at org.testng.internal.Invoker.invokeTestMethod(Invoker.java:869)
	at org.testng.internal.Invoker.invokeTestMethods(Invoker.java:1193)
	at org.testng.internal.TestMethodWorker.invokeTestMethods(TestMethodWorker.java:126)
	at org.testng.internal.TestMethodWorker.run(TestMethodWorker.java:109)
	at java.util.concurrent.ThreadPoolExecutor.runWorker(ThreadPoolExecutor.java:1142)
	at java.util.concurrent.ThreadPoolExecutor$Worker.run(ThreadPoolExecutor.java:617)
	at java.lang.Thread.run(Thread.java:745)
]]>
            </full-stacktrace>
          </exception> <!-- java.lang.AssertionError -->
          <reporter-output>
          </reporter-output>
        </test-method> <!-- tc01 -->
        <test-method status="PASS" signature="springTestContextAfterTestMethod(java.lang.reflect.Method)[pri:0, instance:com.ai.api.testsuite.TestSuite@4530e8e1]" name="springTestContextAfterTestMethod" is-config="true" duration-ms="0" started-at="2020-04-15T13:09:57Z" finished-at="2020-04-15T13:09:57Z">
          <params>
            <param index="0">
              <value>
                <![CDATA[public void com.ai.api.testsuite.TestSuite.tc01(java.util.Map)]]>
              </value>
            </param>
          </params>
          <reporter-output>
          </reporter-output>
        </test-method> <!-- springTestContextAfterTestMethod -->
        <test-method status="PASS" signature="springTestContextAfterTestMethod(java.lang.reflect.Method)[pri:0, instance:com.ai.api.testsuite.TestSuite@4530e8e1]" name="springTestContextAfterTestMethod" is-config="true" duration-ms="0" started-at="2020-04-15T13:09:57Z" finished-at="2020-04-15T13:09:57Z">
          <params>
            <param index="0">
              <value>
                <![CDATA[public void com.ai.api.testsuite.TestSuite.tc01(java.util.Map)]]>
              </value>
            </param>
          </params>
          <reporter-output>
          </reporter-output>
        </test-method> <!-- springTestContextAfterTestMethod -->
        <test-method status="PASS" signature="springTestContextBeforeTestMethod(java.lang.reflect.Method)[pri:0, instance:com.ai.api.testsuite.TestSuite@4530e8e1]" name="springTestContextBeforeTestMethod" is-config="true" duration-ms="0" started-at="2020-04-15T13:09:57Z" finished-at="2020-04-15T13:09:57Z">
          <params>
            <param index="0">
              <value>
                <![CDATA[public void com.ai.api.testsuite.TestSuite.tc01(java.util.Map)]]>
              </value>
            </param>
          </params>
          <reporter-output>
          </reporter-output>
        </test-method> <!-- springTestContextBeforeTestMethod -->
        <test-method status="FAIL" signature="tc01(java.util.Map)[pri:0, instance:com.ai.api.testsuite.TestSuite@4530e8e1]" name="tc01" duration-ms="3" started-at="2020-04-15T13:09:57Z" data-provider="tc01" finished-at="2020-04-15T13:09:57Z">
          <params>
            <param index="0">
              <value>
                <![CDATA[{fromDate=2020-02-02 02:03:05, checkResultCode=000000, sbuID=duxingye, toDate=2020-02-02 02:03:08, checkResultData=不通过, platform=测试}]]>
              </value>
            </param>
          </params>
          <exception class="java.lang.AssertionError">
            <message>
              <![CDATA[expected [通过] but found [不通过]]]>
            </message>
            <full-stacktrace>
              <![CDATA[java.lang.AssertionError: expected [通过] but found [不通过]
	at org.testng.Assert.fail(Assert.java:93)
	at org.testng.Assert.failNotEquals(Assert.java:512)
	at org.testng.Assert.assertEqualsImpl(Assert.java:134)
	at org.testng.Assert.assertEquals(Assert.java:115)
	at org.testng.Assert.assertEquals(Assert.java:189)
	at org.testng.Assert.assertEquals(Assert.java:199)
	at com.ai.api.support.dataDriver.Check.verifyResultDataColumnValue(Check.java:21)
	at com.ai.api.testcase.TC01_test.runScript(TC01_test.java:46)
	at com.ai.api.testsuite.TestSuite.tc01(TestSuite.java:26)
	at sun.reflect.NativeMethodAccessorImpl.invoke0(Native Method)
	at sun.reflect.NativeMethodAccessorImpl.invoke(NativeMethodAccessorImpl.java:62)
	at sun.reflect.DelegatingMethodAccessorImpl.invoke(DelegatingMethodAccessorImpl.java:43)
	at java.lang.reflect.Method.invoke(Method.java:498)
	at org.testng.internal.MethodInvocationHelper.invokeMethod(MethodInvocationHelper.java:108)
	at org.testng.internal.MethodInvocationHelper$1.runTestMethod(MethodInvocationHelper.java:209)
	at org.springframework.test.context.testng.AbstractTestNGSpringContextTests.run(AbstractTestNGSpringContextTests.java:180)
	at org.testng.internal.MethodInvocationHelper.invokeHookable(MethodInvocationHelper.java:221)
	at org.testng.internal.Invoker.invokeMethod(Invoker.java:657)
	at org.testng.internal.Invoker.invokeTestMethod(Invoker.java:869)
	at org.testng.internal.Invoker.invokeTestMethods(Invoker.java:1193)
	at org.testng.internal.TestMethodWorker.invokeTestMethods(TestMethodWorker.java:126)
	at org.testng.internal.TestMethodWorker.run(TestMethodWorker.java:109)
	at java.util.concurrent.ThreadPoolExecutor.runWorker(ThreadPoolExecutor.java:1142)
	at java.util.concurrent.ThreadPoolExecutor$Worker.run(ThreadPoolExecutor.java:617)
	at java.lang.Thread.run(Thread.java:745)
]]>
            </full-stacktrace>
          </exception> <!-- java.lang.AssertionError -->
          <reporter-output>
          </reporter-output>
        </test-method> <!-- tc01 -->
        <test-method status="PASS" signature="springTestContextAfterTestMethod(java.lang.reflect.Method)[pri:0, instance:com.ai.api.testsuite.TestSuite@4530e8e1]" name="springTestContextAfterTestMethod" is-config="true" duration-ms="0" started-at="2020-04-15T13:09:57Z" finished-at="2020-04-15T13:09:57Z">
          <params>
            <param index="0">
              <value>
                <![CDATA[public void com.ai.api.testsuite.TestSuite.tc01(java.util.Map)]]>
              </value>
            </param>
          </params>
          <reporter-output>
          </reporter-output>
        </test-method> <!-- springTestContextAfterTestMethod -->
        <test-method status="PASS" signature="springTestContextAfterTestClass()[pri:0, instance:com.ai.api.testsuite.TestSuite@4530e8e1]" name="springTestContextAfterTestClass" is-config="true" duration-ms="0" started-at="2020-04-15T13:09:57Z" finished-at="2020-04-15T13:09:57Z">
          <reporter-output>
          </reporter-output>
        </test-method> <!-- springTestContextAfterTestClass -->
      </class> <!-- com.ai.api.testsuite.TestSuite -->
    </test> <!-- Command line test -->
  </suite> <!-- Command line suite -->
</testng-results>
